ARM GAS  C:\Users\Walter\AppData\Local\Temp\ccs1DthX.s 			page 1


   1              		.cpu cortex-m4
   2              		.arch armv7e-m
   3              		.fpu fpv4-sp-d16
   4              		.eabi_attribute 27, 1
   5              		.eabi_attribute 28, 1
   6              		.eabi_attribute 20, 1
   7              		.eabi_attribute 21, 1
   8              		.eabi_attribute 23, 3
   9              		.eabi_attribute 24, 1
  10              		.eabi_attribute 25, 1
  11              		.eabi_attribute 26, 1
  12              		.eabi_attribute 30, 1
  13              		.eabi_attribute 34, 1
  14              		.eabi_attribute 18, 4
  15              		.file	"gpio.c"
  16              		.text
  17              	.Ltext0:
  18              		.cfi_sections	.debug_frame
  19              		.file 1 "Src/gpio.c"
  20              		.section	.text.GPIO_Init,"ax",%progbits
  21              		.align	1
  22              		.global	GPIO_Init
  23              		.syntax unified
  24              		.thumb
  25              		.thumb_func
  27              	GPIO_Init:
  28              	.LVL0:
  29              	.LFB130:
   1:Src/gpio.c    **** #include "gpio.h"
   2:Src/gpio.c    **** 
   3:Src/gpio.c    **** void GPIO_Init(GPIO_TypeDef *GPIOx, uint16_t GPIO_PIN, GPIO_Config *Config){
  30              		.loc 1 3 76 view -0
  31              		.cfi_startproc
  32              		@ args = 0, pretend = 0, frame = 0
  33              		@ frame_needed = 0, uses_anonymous_args = 0
  34              		.loc 1 3 76 is_stmt 0 view .LVU1
  35 0000 30B5     		push	{r4, r5, lr}
  36              	.LCFI0:
  37              		.cfi_def_cfa_offset 12
  38              		.cfi_offset 4, -12
  39              		.cfi_offset 5, -8
  40              		.cfi_offset 14, -4
   4:Src/gpio.c    ****     GPIOx->MODER &= ~(GPIO_MODE << (uint32_t)(GPIO_PIN * 2U));
  41              		.loc 1 4 5 is_stmt 1 view .LVU2
  42              		.loc 1 4 10 is_stmt 0 view .LVU3
  43 0002 0468     		ldr	r4, [r0]
  44              		.loc 1 4 56 view .LVU4
  45 0004 4B00     		lsls	r3, r1, #1
  46              		.loc 1 4 33 view .LVU5
  47 0006 4FF0030E 		mov	lr, #3
  48 000a 0EFA03FE 		lsl	lr, lr, r3
  49              		.loc 1 4 18 view .LVU6
  50 000e 24EA0E04 		bic	r4, r4, lr
  51 0012 0460     		str	r4, [r0]
   5:Src/gpio.c    ****     GPIOx->MODER |= (Config->Mode << (uint32_t)(GPIO_PIN * 2U));
  52              		.loc 1 5 5 is_stmt 1 view .LVU7
  53              		.loc 1 5 10 is_stmt 0 view .LVU8
ARM GAS  C:\Users\Walter\AppData\Local\Temp\ccs1DthX.s 			page 2


  54 0014 0468     		ldr	r4, [r0]
  55              		.loc 1 5 28 view .LVU9
  56 0016 1568     		ldr	r5, [r2]
  57              		.loc 1 5 35 view .LVU10
  58 0018 9D40     		lsls	r5, r5, r3
  59              		.loc 1 5 18 view .LVU11
  60 001a 2C43     		orrs	r4, r4, r5
  61 001c 0460     		str	r4, [r0]
   6:Src/gpio.c    **** 
   7:Src/gpio.c    ****     GPIOx->OTYPER &= ~(GPIO_TYPE << GPIO_PIN);
  62              		.loc 1 7 5 is_stmt 1 view .LVU12
  63              		.loc 1 7 10 is_stmt 0 view .LVU13
  64 001e 4468     		ldr	r4, [r0, #4]
  65              		.loc 1 7 34 view .LVU14
  66 0020 4FF0010C 		mov	ip, #1
  67 0024 0CFA01FC 		lsl	ip, ip, r1
  68              		.loc 1 7 19 view .LVU15
  69 0028 24EA0C04 		bic	r4, r4, ip
  70 002c 4460     		str	r4, [r0, #4]
   8:Src/gpio.c    ****     GPIOx->OTYPER |= (Config->Type << GPIO_PIN);
  71              		.loc 1 8 5 is_stmt 1 view .LVU16
  72              		.loc 1 8 10 is_stmt 0 view .LVU17
  73 002e 4468     		ldr	r4, [r0, #4]
  74              		.loc 1 8 29 view .LVU18
  75 0030 5568     		ldr	r5, [r2, #4]
  76              		.loc 1 8 36 view .LVU19
  77 0032 8D40     		lsls	r5, r5, r1
  78              		.loc 1 8 19 view .LVU20
  79 0034 2C43     		orrs	r4, r4, r5
  80 0036 4460     		str	r4, [r0, #4]
   9:Src/gpio.c    ****     
  10:Src/gpio.c    ****     GPIOx->OSPEEDR &= ~(GPIO_SPEED << (GPIO_PIN * 2U));
  81              		.loc 1 10 5 is_stmt 1 view .LVU21
  82              		.loc 1 10 10 is_stmt 0 view .LVU22
  83 0038 8468     		ldr	r4, [r0, #8]
  84              		.loc 1 10 20 view .LVU23
  85 003a 24EA0E04 		bic	r4, r4, lr
  86 003e 8460     		str	r4, [r0, #8]
  11:Src/gpio.c    ****     GPIOx->OSPEEDR |= (Config->Speed << (GPIO_PIN * 2U));
  87              		.loc 1 11 5 is_stmt 1 view .LVU24
  88              		.loc 1 11 10 is_stmt 0 view .LVU25
  89 0040 8468     		ldr	r4, [r0, #8]
  90              		.loc 1 11 38 view .LVU26
  91 0042 9568     		ldr	r5, [r2, #8]
  92 0044 05FA03FE 		lsl	lr, r5, r3
  93              		.loc 1 11 20 view .LVU27
  94 0048 44EA0E04 		orr	r4, r4, lr
  95 004c 8460     		str	r4, [r0, #8]
  12:Src/gpio.c    **** 
  13:Src/gpio.c    ****     GPIOx->PUPDR &= ~(GPIO_PUPD << GPIO_PIN * 2U);
  96              		.loc 1 13 5 is_stmt 1 view .LVU28
  97              		.loc 1 13 10 is_stmt 0 view .LVU29
  98 004e C468     		ldr	r4, [r0, #12]
  99              		.loc 1 13 33 view .LVU30
 100 0050 4FF0020E 		mov	lr, #2
 101 0054 0EFA03FE 		lsl	lr, lr, r3
 102              		.loc 1 13 18 view .LVU31
ARM GAS  C:\Users\Walter\AppData\Local\Temp\ccs1DthX.s 			page 3


 103 0058 24EA0E04 		bic	r4, r4, lr
 104 005c C460     		str	r4, [r0, #12]
  14:Src/gpio.c    ****     GPIOx->PUPDR |= (Config->PUPD << (GPIO_PIN * 2U));
 105              		.loc 1 14 5 is_stmt 1 view .LVU32
 106              		.loc 1 14 10 is_stmt 0 view .LVU33
 107 005e C468     		ldr	r4, [r0, #12]
 108              		.loc 1 14 35 view .LVU34
 109 0060 D568     		ldr	r5, [r2, #12]
 110 0062 05FA03F3 		lsl	r3, r5, r3
 111              		.loc 1 14 18 view .LVU35
 112 0066 2343     		orrs	r3, r3, r4
 113 0068 C360     		str	r3, [r0, #12]
  15:Src/gpio.c    **** 
  16:Src/gpio.c    ****     GPIOx->LCKR &= ~(GPIO_LOCK << GPIO_PIN);
 114              		.loc 1 16 5 is_stmt 1 view .LVU36
 115              		.loc 1 16 10 is_stmt 0 view .LVU37
 116 006a C369     		ldr	r3, [r0, #28]
 117              		.loc 1 16 17 view .LVU38
 118 006c 23EA0C03 		bic	r3, r3, ip
 119 0070 C361     		str	r3, [r0, #28]
  17:Src/gpio.c    ****     GPIOx->LCKR |= (Config->LOCK << GPIO_PIN);
 120              		.loc 1 17 5 is_stmt 1 view .LVU39
 121              		.loc 1 17 10 is_stmt 0 view .LVU40
 122 0072 C369     		ldr	r3, [r0, #28]
 123              		.loc 1 17 34 view .LVU41
 124 0074 1469     		ldr	r4, [r2, #16]
 125 0076 04FA01FC 		lsl	ip, r4, r1
 126              		.loc 1 17 17 view .LVU42
 127 007a 43EA0C03 		orr	r3, r3, ip
 128 007e C361     		str	r3, [r0, #28]
  18:Src/gpio.c    **** 
  19:Src/gpio.c    ****     if (GPIO_PIN <= GPIO_PIN_7){
 129              		.loc 1 19 5 is_stmt 1 view .LVU43
 130              		.loc 1 19 8 is_stmt 0 view .LVU44
 131 0080 0729     		cmp	r1, #7
 132 0082 0DD8     		bhi	.L2
  20:Src/gpio.c    ****         GPIOx->AFR[0] &= ~(GPIO_ALT << (GPIO_PIN * 4U));
 133              		.loc 1 20 9 is_stmt 1 view .LVU45
 134              		.loc 1 20 19 is_stmt 0 view .LVU46
 135 0084 036A     		ldr	r3, [r0, #32]
 136              		.loc 1 20 50 view .LVU47
 137 0086 8900     		lsls	r1, r1, #2
 138              	.LVL1:
 139              		.loc 1 20 37 view .LVU48
 140 0088 0F24     		movs	r4, #15
 141 008a 8C40     		lsls	r4, r4, r1
 142              		.loc 1 20 23 view .LVU49
 143 008c 23EA0403 		bic	r3, r3, r4
 144 0090 0362     		str	r3, [r0, #32]
  21:Src/gpio.c    ****         GPIOx->AFR[0] |= (Config->ALT << (GPIO_PIN * 4U));
 145              		.loc 1 21 9 is_stmt 1 view .LVU50
 146              		.loc 1 21 19 is_stmt 0 view .LVU51
 147 0092 036A     		ldr	r3, [r0, #32]
 148              		.loc 1 21 33 view .LVU52
 149 0094 5269     		ldr	r2, [r2, #20]
 150              	.LVL2:
 151              		.loc 1 21 39 view .LVU53
ARM GAS  C:\Users\Walter\AppData\Local\Temp\ccs1DthX.s 			page 4


 152 0096 02FA01F1 		lsl	r1, r2, r1
 153              		.loc 1 21 23 view .LVU54
 154 009a 0B43     		orrs	r3, r3, r1
 155 009c 0362     		str	r3, [r0, #32]
 156              	.L1:
  22:Src/gpio.c    ****     }else{
  23:Src/gpio.c    ****         GPIOx->AFR[1] &= ~(GPIO_ALT << (GPIO_PIN * 4U));
  24:Src/gpio.c    ****         GPIOx->AFR[1] |= (Config->ALT << (GPIO_PIN * 4U));
  25:Src/gpio.c    ****     }
  26:Src/gpio.c    ****     
  27:Src/gpio.c    ****     
  28:Src/gpio.c    **** };
 157              		.loc 1 28 1 view .LVU55
 158 009e 30BD     		pop	{r4, r5, pc}
 159              	.LVL3:
 160              	.L2:
  23:Src/gpio.c    ****         GPIOx->AFR[1] |= (Config->ALT << (GPIO_PIN * 4U));
 161              		.loc 1 23 9 is_stmt 1 view .LVU56
  23:Src/gpio.c    ****         GPIOx->AFR[1] |= (Config->ALT << (GPIO_PIN * 4U));
 162              		.loc 1 23 19 is_stmt 0 view .LVU57
 163 00a0 436A     		ldr	r3, [r0, #36]
  23:Src/gpio.c    ****         GPIOx->AFR[1] |= (Config->ALT << (GPIO_PIN * 4U));
 164              		.loc 1 23 50 view .LVU58
 165 00a2 8900     		lsls	r1, r1, #2
 166              	.LVL4:
  23:Src/gpio.c    ****         GPIOx->AFR[1] |= (Config->ALT << (GPIO_PIN * 4U));
 167              		.loc 1 23 37 view .LVU59
 168 00a4 0F24     		movs	r4, #15
 169 00a6 8C40     		lsls	r4, r4, r1
  23:Src/gpio.c    ****         GPIOx->AFR[1] |= (Config->ALT << (GPIO_PIN * 4U));
 170              		.loc 1 23 23 view .LVU60
 171 00a8 23EA0403 		bic	r3, r3, r4
 172 00ac 4362     		str	r3, [r0, #36]
  24:Src/gpio.c    ****     }
 173              		.loc 1 24 9 is_stmt 1 view .LVU61
  24:Src/gpio.c    ****     }
 174              		.loc 1 24 19 is_stmt 0 view .LVU62
 175 00ae 436A     		ldr	r3, [r0, #36]
  24:Src/gpio.c    ****     }
 176              		.loc 1 24 33 view .LVU63
 177 00b0 5269     		ldr	r2, [r2, #20]
 178              	.LVL5:
  24:Src/gpio.c    ****     }
 179              		.loc 1 24 39 view .LVU64
 180 00b2 8A40     		lsls	r2, r2, r1
  24:Src/gpio.c    ****     }
 181              		.loc 1 24 23 view .LVU65
 182 00b4 1343     		orrs	r3, r3, r2
 183 00b6 4362     		str	r3, [r0, #36]
 184              		.loc 1 28 1 view .LVU66
 185 00b8 F1E7     		b	.L1
 186              		.cfi_endproc
 187              	.LFE130:
 189              		.section	.text.GPIO_Write,"ax",%progbits
 190              		.align	1
 191              		.global	GPIO_Write
 192              		.syntax unified
ARM GAS  C:\Users\Walter\AppData\Local\Temp\ccs1DthX.s 			page 5


 193              		.thumb
 194              		.thumb_func
 196              	GPIO_Write:
 197              	.LVL6:
 198              	.LFB131:
  29:Src/gpio.c    **** 
  30:Src/gpio.c    **** //void GPIO_DeInit(GPIO_TypeDef *GPIOx, uint16_t GPIO_PIN);
  31:Src/gpio.c    **** 
  32:Src/gpio.c    **** void GPIO_Write(GPIO_TypeDef *GPIOx, uint16_t GPIO_PIN, GPIO_PinState value){
 199              		.loc 1 32 77 is_stmt 1 view -0
 200              		.cfi_startproc
 201              		@ args = 0, pretend = 0, frame = 0
 202              		@ frame_needed = 0, uses_anonymous_args = 0
 203              		@ link register save eliminated.
  33:Src/gpio.c    ****     GPIOx->ODR |= value << GPIO_PIN;
 204              		.loc 1 33 5 view .LVU68
 205              		.loc 1 33 10 is_stmt 0 view .LVU69
 206 0000 4369     		ldr	r3, [r0, #20]
 207              		.loc 1 33 25 view .LVU70
 208 0002 8A40     		lsls	r2, r2, r1
 209              	.LVL7:
 210              		.loc 1 33 16 view .LVU71
 211 0004 1343     		orrs	r3, r3, r2
 212 0006 4361     		str	r3, [r0, #20]
  34:Src/gpio.c    **** };...
 213              		.loc 1 34 1 view .LVU72
 214 0008 7047     		bx	lr
 215              		.cfi_endproc
 216              	.LFE131:
 218              		.text
 219              	.Letext0:
 220              		.file 2 "c:\\users\\walter\\toolchains\\arm-gnu-toolchain-12.2.rel1-mingw-w64-i686-arm-none-eabi\\
 221              		.file 3 "c:\\users\\walter\\toolchains\\arm-gnu-toolchain-12.2.rel1-mingw-w64-i686-arm-none-eabi\\
 222              		.file 4 "Drivers/CMSIS/Device/ST/STM32F4xx/Include/stm32f407xx.h"
 223              		.file 5 "Inc/gpio.h"
ARM GAS  C:\Users\Walter\AppData\Local\Temp\ccs1DthX.s 			page 6


DEFINED SYMBOLS
                            *ABS*:00000000 gpio.c
C:\Users\Walter\AppData\Local\Temp\ccs1DthX.s:21     .text.GPIO_Init:00000000 $t
C:\Users\Walter\AppData\Local\Temp\ccs1DthX.s:27     .text.GPIO_Init:00000000 GPIO_Init
C:\Users\Walter\AppData\Local\Temp\ccs1DthX.s:190    .text.GPIO_Write:00000000 $t
C:\Users\Walter\AppData\Local\Temp\ccs1DthX.s:196    .text.GPIO_Write:00000000 GPIO_Write

NO UNDEFINED SYMBOLS
