ARM GAS  C:\Users\Walte\AppData\Local\Temp\ccFQEW0o.s 			page 1


   1              		.cpu cortex-m4
   2              		.arch armv7e-m
   3              		.fpu fpv4-sp-d16
   4              		.eabi_attribute 27, 1
   5              		.eabi_attribute 28, 1
   6              		.eabi_attribute 20, 1
   7              		.eabi_attribute 21, 1
   8              		.eabi_attribute 23, 3
   9              		.eabi_attribute 24, 1
  10              		.eabi_attribute 25, 1
  11              		.eabi_attribute 26, 1
  12              		.eabi_attribute 30, 1
  13              		.eabi_attribute 34, 1
  14              		.eabi_attribute 18, 4
  15              		.file	"spi.c"
  16              		.text
  17              	.Ltext0:
  18              		.cfi_sections	.debug_frame
  19              		.file 1 "Src/spi.c"
  20              		.section	.text.SPI_Init,"ax",%progbits
  21              		.align	1
  22              		.global	SPI_Init
  23              		.syntax unified
  24              		.thumb
  25              		.thumb_func
  27              	SPI_Init:
  28              	.LVL0:
  29              	.LFB130:
   1:Src/spi.c     **** #include "spi.h"
   2:Src/spi.c     **** 
   3:Src/spi.c     **** void SPI_Init(SPI_TypeDef *SPIx, SPI_Config *SPI_Config)
   4:Src/spi.c     **** {
  30              		.loc 1 4 1 view -0
  31              		.cfi_startproc
  32              		@ args = 0, pretend = 0, frame = 0
  33              		@ frame_needed = 0, uses_anonymous_args = 0
  34              		@ link register save eliminated.
   5:Src/spi.c     ****     SPIx->CR1 &= (0x0000);
  35              		.loc 1 5 5 view .LVU1
  36              		.loc 1 5 9 is_stmt 0 view .LVU2
  37 0000 0368     		ldr	r3, [r0]
  38              		.loc 1 5 15 view .LVU3
  39 0002 0023     		movs	r3, #0
  40 0004 0360     		str	r3, [r0]
   6:Src/spi.c     **** 
   7:Src/spi.c     ****     SPIx->CR1 |= SPI_ENABLE;
  41              		.loc 1 7 5 is_stmt 1 view .LVU4
  42              		.loc 1 7 9 is_stmt 0 view .LVU5
  43 0006 0368     		ldr	r3, [r0]
  44              		.loc 1 7 15 view .LVU6
  45 0008 43F04003 		orr	r3, r3, #64
  46 000c 0360     		str	r3, [r0]
   8:Src/spi.c     ****     SPIx->CR1 |= SPI_Config->SSM;
  47              		.loc 1 8 5 is_stmt 1 view .LVU7
  48              		.loc 1 8 9 is_stmt 0 view .LVU8
  49 000e 0368     		ldr	r3, [r0]
  50              		.loc 1 8 28 view .LVU9
ARM GAS  C:\Users\Walte\AppData\Local\Temp\ccFQEW0o.s 			page 2


  51 0010 CA68     		ldr	r2, [r1, #12]
  52              		.loc 1 8 15 view .LVU10
  53 0012 1343     		orrs	r3, r3, r2
  54 0014 0360     		str	r3, [r0]
   9:Src/spi.c     ****     SPIx->CR1 |= SPI_Config->Mode;
  55              		.loc 1 9 5 is_stmt 1 view .LVU11
  56              		.loc 1 9 9 is_stmt 0 view .LVU12
  57 0016 0368     		ldr	r3, [r0]
  58              		.loc 1 9 28 view .LVU13
  59 0018 0A68     		ldr	r2, [r1]
  60              		.loc 1 9 15 view .LVU14
  61 001a 1343     		orrs	r3, r3, r2
  62 001c 0360     		str	r3, [r0]
  10:Src/spi.c     ****     SPIx->CR1 |= SPI_Config->CommunicationType;
  63              		.loc 1 10 5 is_stmt 1 view .LVU15
  64              		.loc 1 10 9 is_stmt 0 view .LVU16
  65 001e 0368     		ldr	r3, [r0]
  66              		.loc 1 10 28 view .LVU17
  67 0020 4A68     		ldr	r2, [r1, #4]
  68              		.loc 1 10 15 view .LVU18
  69 0022 1343     		orrs	r3, r3, r2
  70 0024 0360     		str	r3, [r0]
  11:Src/spi.c     ****     SPIx->CR1 |= SPI_Config->DataFrame;
  71              		.loc 1 11 5 is_stmt 1 view .LVU19
  72              		.loc 1 11 9 is_stmt 0 view .LVU20
  73 0026 0368     		ldr	r3, [r0]
  74              		.loc 1 11 28 view .LVU21
  75 0028 8A68     		ldr	r2, [r1, #8]
  76              		.loc 1 11 15 view .LVU22
  77 002a 1343     		orrs	r3, r3, r2
  78 002c 0360     		str	r3, [r0]
  12:Src/spi.c     ****     SPIx->CR1 |= SPI_Config->SigBitFrame;
  79              		.loc 1 12 5 is_stmt 1 view .LVU23
  80              		.loc 1 12 9 is_stmt 0 view .LVU24
  81 002e 0368     		ldr	r3, [r0]
  82              		.loc 1 12 28 view .LVU25
  83 0030 0A69     		ldr	r2, [r1, #16]
  84              		.loc 1 12 15 view .LVU26
  85 0032 1343     		orrs	r3, r3, r2
  86 0034 0360     		str	r3, [r0]
  13:Src/spi.c     ****     SPIx->CR1 |= SPI_Config->BaudRate;
  87              		.loc 1 13 5 is_stmt 1 view .LVU27
  88              		.loc 1 13 9 is_stmt 0 view .LVU28
  89 0036 0368     		ldr	r3, [r0]
  90              		.loc 1 13 28 view .LVU29
  91 0038 4A69     		ldr	r2, [r1, #20]
  92              		.loc 1 13 15 view .LVU30
  93 003a 1343     		orrs	r3, r3, r2
  94 003c 0360     		str	r3, [r0]
  14:Src/spi.c     ****     SPIx->CR1 |= SPI_Config->ClockPolarity;
  95              		.loc 1 14 5 is_stmt 1 view .LVU31
  96              		.loc 1 14 9 is_stmt 0 view .LVU32
  97 003e 0368     		ldr	r3, [r0]
  98              		.loc 1 14 28 view .LVU33
  99 0040 8A69     		ldr	r2, [r1, #24]
 100              		.loc 1 14 15 view .LVU34
 101 0042 1343     		orrs	r3, r3, r2
ARM GAS  C:\Users\Walte\AppData\Local\Temp\ccFQEW0o.s 			page 3


 102 0044 0360     		str	r3, [r0]
  15:Src/spi.c     ****     SPIx->CR1 |= SPI_Config->ClockPhase;
 103              		.loc 1 15 5 is_stmt 1 view .LVU35
 104              		.loc 1 15 9 is_stmt 0 view .LVU36
 105 0046 0368     		ldr	r3, [r0]
 106              		.loc 1 15 28 view .LVU37
 107 0048 CA69     		ldr	r2, [r1, #28]
 108              		.loc 1 15 15 view .LVU38
 109 004a 1343     		orrs	r3, r3, r2
 110 004c 0360     		str	r3, [r0]
  16:Src/spi.c     **** }
 111              		.loc 1 16 1 view .LVU39
 112 004e 7047     		bx	lr
 113              		.cfi_endproc
 114              	.LFE130:
 116              		.section	.text.SPI_DeInit,"ax",%progbits
 117              		.align	1
 118              		.global	SPI_DeInit
 119              		.syntax unified
 120              		.thumb
 121              		.thumb_func
 123              	SPI_DeInit:
 124              	.LVL1:
 125              	.LFB131:
  17:Src/spi.c     **** 
  18:Src/spi.c     **** void SPI_DeInit(SPI_TypeDef *SPIx)
  19:Src/spi.c     **** {
 126              		.loc 1 19 1 is_stmt 1 view -0
 127              		.cfi_startproc
 128              		@ args = 0, pretend = 0, frame = 0
 129              		@ frame_needed = 0, uses_anonymous_args = 0
 130              		@ link register save eliminated.
  20:Src/spi.c     ****     SPIx->CR1 &= (0x0000);
 131              		.loc 1 20 5 view .LVU41
 132              		.loc 1 20 9 is_stmt 0 view .LVU42
 133 0000 0368     		ldr	r3, [r0]
 134              		.loc 1 20 15 view .LVU43
 135 0002 0023     		movs	r3, #0
 136 0004 0360     		str	r3, [r0]
  21:Src/spi.c     **** }
 137              		.loc 1 21 1 view .LVU44
 138 0006 7047     		bx	lr
 139              		.cfi_endproc
 140              	.LFE131:
 142              		.section	.text.SPI_Transmit,"ax",%progbits
 143              		.align	1
 144              		.global	SPI_Transmit
 145              		.syntax unified
 146              		.thumb
 147              		.thumb_func
 149              	SPI_Transmit:
 150              	.LVL2:
 151              	.LFB132:
  22:Src/spi.c     **** 
  23:Src/spi.c     **** void SPI_Transmit(SPI_TypeDef *SPIx, uint8_t *Data, uint32_t Size)
  24:Src/spi.c     **** {
 152              		.loc 1 24 1 is_stmt 1 view -0
ARM GAS  C:\Users\Walte\AppData\Local\Temp\ccFQEW0o.s 			page 4


 153              		.cfi_startproc
 154              		@ args = 0, pretend = 0, frame = 8
 155              		@ frame_needed = 0, uses_anonymous_args = 0
 156              		@ link register save eliminated.
  25:Src/spi.c     ****     volatile uint16_t data_temp;
 157              		.loc 1 25 5 view .LVU46
  26:Src/spi.c     **** 
  27:Src/spi.c     ****     while (Size > 0)
 158              		.loc 1 27 5 view .LVU47
 159              		.loc 1 27 17 view .LVU48
 160 0000 5AB3     		cbz	r2, .L11
  24:Src/spi.c     ****     volatile uint16_t data_temp;
 161              		.loc 1 24 1 is_stmt 0 view .LVU49
 162 0002 10B4     		push	{r4}
 163              	.LCFI0:
 164              		.cfi_def_cfa_offset 4
 165              		.cfi_offset 4, -4
 166 0004 83B0     		sub	sp, sp, #12
 167              	.LCFI1:
 168              		.cfi_def_cfa_offset 16
 169 0006 06E0     		b	.L7
 170              	.LVL3:
 171              	.L6:
  28:Src/spi.c     ****     { 
  29:Src/spi.c     ****         data_temp = 0x0000;
  30:Src/spi.c     **** 
  31:Src/spi.c     ****         while ((SPIx->SR & SPI_STATUS_TX) == SPI_STATUS_TX_NOTEMPTY)
  32:Src/spi.c     ****         {
  33:Src/spi.c     ****             //Do nothing until the TX status register is in empty state
  34:Src/spi.c     ****         }
  35:Src/spi.c     **** 
  36:Src/spi.c     ****         //Get the data that needs to be sent
  37:Src/spi.c     ****         data_temp = *Data;
  38:Src/spi.c     ****         Size--;
  39:Src/spi.c     ****         Data++;
  40:Src/spi.c     **** 
  41:Src/spi.c     ****         //If SPI is set to 16 bit mode, get the second byte to transmit.
  42:Src/spi.c     ****         if ((SPIx->CR1 & SPI_DATAFRAME) == SPI_DATAFRAME_16BIT)
  43:Src/spi.c     ****         {
  44:Src/spi.c     ****             data_temp |= ((uint16_t)*Data << 8);
  45:Src/spi.c     ****             Size--;
  46:Src/spi.c     ****             Data++;
  47:Src/spi.c     ****         }
  48:Src/spi.c     **** 
  49:Src/spi.c     ****         //Writting to DR envokes the SPI transmitting protocol.
  50:Src/spi.c     ****         SPIx->DR = data_temp;
 172              		.loc 1 50 9 is_stmt 1 view .LVU50
 173              		.loc 1 50 18 is_stmt 0 view .LVU51
 174 0008 BDF80620 		ldrh	r2, [sp, #6]
 175 000c 92B2     		uxth	r2, r2
 176 000e C260     		str	r2, [r0, #12]
 177 0010 6246     		mov	r2, ip
 178 0012 1946     		mov	r1, r3
  27:Src/spi.c     ****     { 
 179              		.loc 1 27 17 is_stmt 1 view .LVU52
 180 0014 EAB1     		cbz	r2, .L12
 181              	.LVL4:
ARM GAS  C:\Users\Walte\AppData\Local\Temp\ccFQEW0o.s 			page 5


 182              	.L7:
  29:Src/spi.c     **** 
 183              		.loc 1 29 9 view .LVU53
  29:Src/spi.c     **** 
 184              		.loc 1 29 19 is_stmt 0 view .LVU54
 185 0016 0023     		movs	r3, #0
 186 0018 ADF80630 		strh	r3, [sp, #6]	@ movhi
  31:Src/spi.c     ****         {
 187              		.loc 1 31 9 is_stmt 1 view .LVU55
 188              	.L5:
  34:Src/spi.c     **** 
 189              		.loc 1 34 9 discriminator 1 view .LVU56
  31:Src/spi.c     ****         {
 190              		.loc 1 31 43 discriminator 1 view .LVU57
  31:Src/spi.c     ****         {
 191              		.loc 1 31 21 is_stmt 0 discriminator 1 view .LVU58
 192 001c 8368     		ldr	r3, [r0, #8]
  31:Src/spi.c     ****         {
 193              		.loc 1 31 43 discriminator 1 view .LVU59
 194 001e 13F0020F 		tst	r3, #2
 195 0022 FBD1     		bne	.L5
  37:Src/spi.c     ****         Size--;
 196              		.loc 1 37 9 is_stmt 1 view .LVU60
  37:Src/spi.c     ****         Size--;
 197              		.loc 1 37 21 is_stmt 0 view .LVU61
 198 0024 0B46     		mov	r3, r1
 199 0026 13F8014B 		ldrb	r4, [r3], #1	@ zero_extendqisi2
  37:Src/spi.c     ****         Size--;
 200              		.loc 1 37 19 view .LVU62
 201 002a ADF80640 		strh	r4, [sp, #6]	@ movhi
  38:Src/spi.c     ****         Data++;
 202              		.loc 1 38 9 is_stmt 1 view .LVU63
  38:Src/spi.c     ****         Data++;
 203              		.loc 1 38 13 is_stmt 0 view .LVU64
 204 002e 02F1FF3C 		add	ip, r2, #-1
 205              	.LVL5:
  39:Src/spi.c     **** 
 206              		.loc 1 39 9 is_stmt 1 view .LVU65
  42:Src/spi.c     ****         {
 207              		.loc 1 42 9 view .LVU66
  42:Src/spi.c     ****         {
 208              		.loc 1 42 18 is_stmt 0 view .LVU67
 209 0032 0468     		ldr	r4, [r0]
  42:Src/spi.c     ****         {
 210              		.loc 1 42 12 view .LVU68
 211 0034 14F4006F 		tst	r4, #2048
 212 0038 E6D0     		beq	.L6
  44:Src/spi.c     ****             Size--;
 213              		.loc 1 44 13 is_stmt 1 view .LVU69
  44:Src/spi.c     ****             Size--;
 214              		.loc 1 44 37 is_stmt 0 view .LVU70
 215 003a 4C78     		ldrb	r4, [r1, #1]	@ zero_extendqisi2
  44:Src/spi.c     ****             Size--;
 216              		.loc 1 44 23 view .LVU71
 217 003c BDF80630 		ldrh	r3, [sp, #6]
 218              	.LVL6:
  44:Src/spi.c     ****             Size--;
ARM GAS  C:\Users\Walte\AppData\Local\Temp\ccFQEW0o.s 			page 6


 219              		.loc 1 44 23 view .LVU72
 220 0040 9BB2     		uxth	r3, r3
 221 0042 43EA0423 		orr	r3, r3, r4, lsl #8
 222 0046 ADF80630 		strh	r3, [sp, #6]	@ movhi
  45:Src/spi.c     ****             Data++;
 223              		.loc 1 45 13 is_stmt 1 view .LVU73
  45:Src/spi.c     ****             Data++;
 224              		.loc 1 45 17 is_stmt 0 view .LVU74
 225 004a A2F1020C 		sub	ip, r2, #2
 226              	.LVL7:
  46:Src/spi.c     ****         }
 227              		.loc 1 46 13 is_stmt 1 view .LVU75
  46:Src/spi.c     ****         }
 228              		.loc 1 46 17 is_stmt 0 view .LVU76
 229 004e 8B1C     		adds	r3, r1, #2
 230              	.LVL8:
  46:Src/spi.c     ****         }
 231              		.loc 1 46 17 view .LVU77
 232 0050 DAE7     		b	.L6
 233              	.LVL9:
 234              	.L12:
  51:Src/spi.c     ****     }
  52:Src/spi.c     **** }
 235              		.loc 1 52 1 view .LVU78
 236 0052 03B0     		add	sp, sp, #12
 237              	.LCFI2:
 238              		.cfi_def_cfa_offset 4
 239              		@ sp needed
 240 0054 5DF8044B 		ldr	r4, [sp], #4
 241              	.LCFI3:
 242              		.cfi_restore 4
 243              		.cfi_def_cfa_offset 0
 244 0058 7047     		bx	lr
 245              	.L11:
 246              		.loc 1 52 1 view .LVU79
 247 005a 7047     		bx	lr
 248              		.cfi_endproc
 249              	.LFE132:
 251              		.section	.text.SPI_Receive,"ax",%progbits
 252              		.align	1
 253              		.global	SPI_Receive
 254              		.syntax unified
 255              		.thumb
 256              		.thumb_func
 258              	SPI_Receive:
 259              	.LVL10:
 260              	.LFB133:
  53:Src/spi.c     **** 
  54:Src/spi.c     **** 
  55:Src/spi.c     **** 
  56:Src/spi.c     **** void SPI_Receive(SPI_TypeDef *SPIx, uint8_t *Data, uint32_t Size)
  57:Src/spi.c     **** {
 261              		.loc 1 57 1 is_stmt 1 view -0
 262              		.cfi_startproc
 263              		@ args = 0, pretend = 0, frame = 0
 264              		@ frame_needed = 0, uses_anonymous_args = 0
 265              		.loc 1 57 1 is_stmt 0 view .LVU81
ARM GAS  C:\Users\Walte\AppData\Local\Temp\ccFQEW0o.s 			page 7


 266 0000 8C46     		mov	ip, r1
  58:Src/spi.c     ****     uint16_t data_temp;
 267              		.loc 1 58 5 is_stmt 1 view .LVU82
  59:Src/spi.c     **** 
  60:Src/spi.c     ****     while (Size > 0)
 268              		.loc 1 60 5 view .LVU83
 269              		.loc 1 60 17 view .LVU84
 270 0002 DAB1     		cbz	r2, .L21
  57:Src/spi.c     ****     uint16_t data_temp;
 271              		.loc 1 57 1 is_stmt 0 view .LVU85
 272 0004 10B5     		push	{r4, lr}
 273              	.LCFI4:
 274              		.cfi_def_cfa_offset 8
 275              		.cfi_offset 4, -8
 276              		.cfi_offset 14, -4
 277              	.LVL11:
 278              	.L15:
  61:Src/spi.c     ****     { 
  62:Src/spi.c     ****         data_temp = 0x0000;
  63:Src/spi.c     ****         while ((SPIx->SR & SPI_STATUS_RX) == SPI_STATUS_RX_NOTEMPTY)
  64:Src/spi.c     ****         {
  65:Src/spi.c     ****             //Do nothing until the TX status register is in empty state
  66:Src/spi.c     ****         }
 279              		.loc 1 66 9 is_stmt 1 discriminator 1 view .LVU86
  63:Src/spi.c     ****         {
 280              		.loc 1 63 43 discriminator 1 view .LVU87
  63:Src/spi.c     ****         {
 281              		.loc 1 63 21 is_stmt 0 discriminator 1 view .LVU88
 282 0006 8368     		ldr	r3, [r0, #8]
  63:Src/spi.c     ****         {
 283              		.loc 1 63 43 discriminator 1 view .LVU89
 284 0008 13F0010F 		tst	r3, #1
 285 000c FBD1     		bne	.L15
  67:Src/spi.c     **** 
  68:Src/spi.c     ****         //Reading from DR invokes a SPI receive protocol
  69:Src/spi.c     ****         data_temp = SPIx->DR;
 286              		.loc 1 69 9 is_stmt 1 view .LVU90
 287              		.loc 1 69 25 is_stmt 0 view .LVU91
 288 000e C168     		ldr	r1, [r0, #12]
 289              		.loc 1 69 19 view .LVU92
 290 0010 8CB2     		uxth	r4, r1
 291              	.LVL12:
  70:Src/spi.c     ****         
  71:Src/spi.c     ****         //Fill first byte with data
  72:Src/spi.c     ****         *Data = data_temp;
 292              		.loc 1 72 9 is_stmt 1 view .LVU93
 293              		.loc 1 72 15 is_stmt 0 view .LVU94
 294 0012 6346     		mov	r3, ip
 295 0014 03F8011B 		strb	r1, [r3], #1
  73:Src/spi.c     ****         Size--;
 296              		.loc 1 73 9 is_stmt 1 view .LVU95
 297              		.loc 1 73 13 is_stmt 0 view .LVU96
 298 0018 02F1FF3E 		add	lr, r2, #-1
 299              	.LVL13:
  74:Src/spi.c     ****         Data++;
 300              		.loc 1 74 9 is_stmt 1 view .LVU97
  75:Src/spi.c     **** 
ARM GAS  C:\Users\Walte\AppData\Local\Temp\ccFQEW0o.s 			page 8


  76:Src/spi.c     ****         //If SPI is set to 16 bit, set the second byte.
  77:Src/spi.c     ****         if ((SPIx->CR1 & SPI_DATAFRAME) == SPI_DATAFRAME_16BIT)
 301              		.loc 1 77 9 view .LVU98
 302              		.loc 1 77 18 is_stmt 0 view .LVU99
 303 001c 0168     		ldr	r1, [r0]
 304              		.loc 1 77 12 view .LVU100
 305 001e 11F4006F 		tst	r1, #2048
 306 0022 04D1     		bne	.L22
  73:Src/spi.c     ****         Data++;
 307              		.loc 1 73 13 view .LVU101
 308 0024 7246     		mov	r2, lr
  74:Src/spi.c     ****         Data++;
 309              		.loc 1 74 13 view .LVU102
 310 0026 9C46     		mov	ip, r3
 311              	.LVL14:
 312              	.L16:
  60:Src/spi.c     ****     { 
 313              		.loc 1 60 17 is_stmt 1 view .LVU103
 314 0028 002A     		cmp	r2, #0
 315 002a ECD1     		bne	.L15
  78:Src/spi.c     ****         {
  79:Src/spi.c     ****             *Data = (data_temp >> 8);
  80:Src/spi.c     ****             Size --;
  81:Src/spi.c     ****             Data ++;
  82:Src/spi.c     ****         }
  83:Src/spi.c     ****     }
  84:Src/spi.c     **** }...
 316              		.loc 1 84 1 is_stmt 0 view .LVU104
 317 002c 10BD     		pop	{r4, pc}
 318              	.LVL15:
 319              	.L22:
  79:Src/spi.c     ****             *Data = (data_temp >> 8);
 320              		.loc 1 79 13 is_stmt 1 view .LVU105
  79:Src/spi.c     ****             *Data = (data_temp >> 8);
 321              		.loc 1 79 19 is_stmt 0 view .LVU106
 322 002e 240A     		lsrs	r4, r4, #8
 323              	.LVL16:
  79:Src/spi.c     ****             *Data = (data_temp >> 8);
 324              		.loc 1 79 19 view .LVU107
 325 0030 8CF80140 		strb	r4, [ip, #1]
  80:Src/spi.c     ****             Size --;
 326              		.loc 1 80 13 is_stmt 1 view .LVU108
  80:Src/spi.c     ****             Size --;
 327              		.loc 1 80 18 is_stmt 0 view .LVU109
 328 0034 023A     		subs	r2, r2, #2
 329              	.LVL17:
  81:Src/spi.c     ****             Data ++;
 330              		.loc 1 81 13 is_stmt 1 view .LVU110
  81:Src/spi.c     ****             Data ++;
 331              		.loc 1 81 18 is_stmt 0 view .LVU111
 332 0036 0CF1020C 		add	ip, ip, #2
 333              	.LVL18:
  81:Src/spi.c     ****             Data ++;
 334              		.loc 1 81 18 view .LVU112
 335 003a F5E7     		b	.L16
 336              	.LVL19:
 337              	.L21:
ARM GAS  C:\Users\Walte\AppData\Local\Temp\ccFQEW0o.s 			page 9


 338              	.LCFI5:
 339              		.cfi_def_cfa_offset 0
 340              		.cfi_restore 4
 341              		.cfi_restore 14
  81:Src/spi.c     ****             Data ++;
 342              		.loc 1 81 18 view .LVU113
 343 003c 7047     		bx	lr
 344              		.cfi_endproc
 345              	.LFE133:
 347              		.text
 348              	.Letext0:
 349              		.file 2 "c:\\users\\walte\\tools\\arm-gnu-toolchain-12.2.rel1-mingw-w64-i686-arm-none-eabi\\arm-no
 350              		.file 3 "c:\\users\\walte\\tools\\arm-gnu-toolchain-12.2.rel1-mingw-w64-i686-arm-none-eabi\\arm-no
 351              		.file 4 "Drivers/CMSIS/Device/ST/STM32F4xx/Include/stm32f407xx.h"
 352              		.file 5 "Inc/spi.h"
ARM GAS  C:\Users\Walte\AppData\Local\Temp\ccFQEW0o.s 			page 10


DEFINED SYMBOLS
                            *ABS*:00000000 spi.c
C:\Users\Walte\AppData\Local\Temp\ccFQEW0o.s:21     .text.SPI_Init:00000000 $t
C:\Users\Walte\AppData\Local\Temp\ccFQEW0o.s:27     .text.SPI_Init:00000000 SPI_Init
C:\Users\Walte\AppData\Local\Temp\ccFQEW0o.s:117    .text.SPI_DeInit:00000000 $t
C:\Users\Walte\AppData\Local\Temp\ccFQEW0o.s:123    .text.SPI_DeInit:00000000 SPI_DeInit
C:\Users\Walte\AppData\Local\Temp\ccFQEW0o.s:143    .text.SPI_Transmit:00000000 $t
C:\Users\Walte\AppData\Local\Temp\ccFQEW0o.s:149    .text.SPI_Transmit:00000000 SPI_Transmit
C:\Users\Walte\AppData\Local\Temp\ccFQEW0o.s:252    .text.SPI_Receive:00000000 $t
C:\Users\Walte\AppData\Local\Temp\ccFQEW0o.s:258    .text.SPI_Receive:00000000 SPI_Receive

NO UNDEFINED SYMBOLS
